<?xml version="1.0" encoding="UTF-8"?>
<!-- Generated by org.testng.reporters.JUnitReportReporter -->
<testsuite skipped="0" hostname="LAPTOP-36M027SA" name="hrmlogin.Trackers" tests="1" failures="0" timestamp="2020-05-01T21:23:54 IST" time="22.949" errors="0">
  <testcase name="Track" time="22.949" classname="hrmlogin.Trackers"/>
</testsuite> <!-- hrmlogin.Trackers -->
