<?xml version="1.0" encoding="UTF-8"?>
<!-- Generated by org.testng.reporters.JUnitReportReporter -->
<testsuite skipped="0" hostname="LAPTOP-36M027SA" name="hrmlogin.HRMlogin" tests="1" failures="0" timestamp="2020-04-22T10:21:26 IST" time="34.734" errors="0">
  <testcase name="login" time="34.734" classname="hrmlogin.HRMlogin"/>
</testsuite> <!-- hrmlogin.HRMlogin -->
